[2016-05-24 04:50:11] update-role-user.INFO: Successfully Updated ["Role-user id: 2"] []
[2016-05-24 04:50:39] route-insert-in-permission.INFO: Successfully insert ["Permission id: 202"] []
[2016-05-24 04:50:39] route-insert-in-permission.INFO: Successfully insert ["Permission id: 203"] []
[2016-05-24 04:50:39] route-insert-in-permission.INFO: Successfully insert ["Permission id: 204"] []
[2016-05-24 04:50:39] route-insert-in-permission.INFO: Successfully insert ["Permission id: 205"] []
[2016-05-24 04:50:39] route-insert-in-permission.INFO: Successfully insert ["Permission id: 206"] []
[2016-05-24 04:50:40] route-insert-in-permission.INFO: Successfully insert ["Permission id: 207"] []
[2016-05-24 04:50:40] route-insert-in-permission.INFO: Successfully insert ["Permission id: 208"] []
[2016-05-24 04:50:40] route-insert-in-permission.INFO: Successfully insert ["Permission id: 209"] []
[2016-05-24 04:50:40] route-insert-in-permission.INFO: Successfully insert ["Permission id: 210"] []
[2016-05-24 04:50:40] route-insert-in-permission.INFO: Successfully insert ["Permission id: 211"] []
[2016-05-24 04:50:40] route-insert-in-permission.INFO: Successfully insert ["Permission id: 212"] []
[2016-05-24 04:50:40] route-insert-in-permission.INFO: Successfully insert ["Permission id: 213"] []
[2016-05-24 04:50:40] route-insert-in-permission.INFO: Successfully insert ["Permission id: 214"] []
[2016-05-24 04:50:40] route-insert-in-permission.INFO: Successfully insert ["Permission id: 215"] []
[2016-05-24 04:50:40] route-insert-in-permission.INFO: Successfully insert ["Permission id: 216"] []
[2016-05-24 04:50:40] route-insert-in-permission.INFO: Successfully insert ["Permission id: 217"] []
[2016-05-24 04:50:40] route-insert-in-permission.INFO: Successfully insert ["Permission id: 218"] []
[2016-05-24 04:50:40] route-insert-in-permission.INFO: Successfully insert ["Permission id: 219"] []
[2016-05-24 04:50:40] route-insert-in-permission.INFO: Successfully insert ["Permission id: 220"] []
[2016-05-24 04:50:40] route-insert-in-permission.INFO: Successfully insert ["Permission id: 221"] []
[2016-05-24 04:50:40] route-insert-in-permission.INFO: Successfully insert ["Permission id: 222"] []
[2016-05-24 04:50:40] route-insert-in-permission.INFO: Successfully insert ["Permission id: 223"] []
[2016-05-24 04:50:41] route-insert-in-permission.INFO: Successfully insert ["Permission id: 224"] []
[2016-05-24 04:50:41] route-insert-in-permission.INFO: Successfully insert ["Permission id: 225"] []
[2016-05-24 04:50:41] route-insert-in-permission.INFO: Successfully insert ["Permission id: 226"] []
[2016-05-24 04:50:41] route-insert-in-permission.INFO: Successfully insert ["Permission id: 227"] []
[2016-05-24 04:50:41] route-insert-in-permission.INFO: Successfully insert ["Permission id: 228"] []
[2016-05-24 04:50:41] route-insert-in-permission.INFO: Successfully insert ["Permission id: 229"] []
[2016-05-24 04:50:41] route-insert-in-permission.INFO: Successfully insert ["Permission id: 230"] []
[2016-05-24 04:50:41] route-insert-in-permission.INFO: Successfully insert ["Permission id: 231"] []
[2016-05-24 04:50:41] route-insert-in-permission.INFO: Successfully insert ["Permission id: 232"] []
[2016-05-24 04:50:41] route-insert-in-permission.INFO: Successfully insert ["Permission id: 233"] []
[2016-05-24 04:50:41] route-insert-in-permission.INFO: Successfully insert ["Permission id: 234"] []
[2016-05-24 04:50:41] route-insert-in-permission.INFO: Successfully insert ["Permission id: 235"] []
[2016-05-24 04:50:41] route-insert-in-permission.INFO: Successfully insert ["Permission id: 236"] []
[2016-05-24 04:50:41] route-insert-in-permission.INFO: Successfully insert ["Permission id: 237"] []
[2016-05-24 04:50:41] route-insert-in-permission.INFO: Successfully insert ["Permission id: 238"] []
[2016-05-24 04:50:41] route-insert-in-permission.INFO: Successfully insert ["Permission id: 239"] []
[2016-05-24 04:50:41] route-insert-in-permission.INFO: Successfully insert ["Permission id: 240"] []
[2016-05-24 04:50:41] route-insert-in-permission.INFO: Successfully insert ["Permission id: 241"] []
[2016-05-24 04:50:42] route-insert-in-permission.INFO: Successfully insert ["Permission id: 242"] []
[2016-05-24 04:50:42] route-insert-in-permission.INFO: Successfully insert ["Permission id: 243"] []
[2016-05-24 04:50:42] route-insert-in-permission.INFO: Successfully insert ["Permission id: 244"] []
[2016-05-24 04:50:42] route-insert-in-permission.INFO: Successfully insert ["Permission id: 245"] []
[2016-05-24 04:50:42] route-insert-in-permission.INFO: Successfully insert ["Permission id: 246"] []
[2016-05-24 04:50:42] route-insert-in-permission.INFO: Successfully insert ["Permission id: 247"] []
[2016-05-24 04:50:42] route-insert-in-permission.INFO: Successfully insert ["Permission id: 248"] []
[2016-05-24 04:50:42] route-insert-in-permission.INFO: Successfully insert ["Permission id: 249"] []
[2016-05-24 04:50:42] route-insert-in-permission.INFO: Successfully insert ["Permission id: 250"] []
[2016-05-24 04:50:42] route-insert-in-permission.INFO: Successfully insert ["Permission id: 251"] []
[2016-05-24 04:50:42] route-insert-in-permission.INFO: Successfully insert ["Permission id: 252"] []
[2016-05-24 04:50:42] route-insert-in-permission.INFO: Successfully insert ["Permission id: 253"] []
[2016-05-24 04:50:42] route-insert-in-permission.INFO: Successfully insert ["Permission id: 254"] []
[2016-05-24 04:50:42] route-insert-in-permission.INFO: Successfully insert ["Permission id: 255"] []
[2016-05-24 04:50:42] route-insert-in-permission.INFO: Successfully insert ["Permission id: 256"] []
[2016-05-24 04:50:42] route-insert-in-permission.INFO: Successfully insert ["Permission id: 257"] []
[2016-05-24 04:50:42] route-insert-in-permission.INFO: Successfully insert ["Permission id: 258"] []
[2016-05-24 04:50:42] route-insert-in-permission.INFO: Successfully insert ["Permission id: 259"] []
[2016-05-24 04:50:43] route-insert-in-permission.INFO: Successfully insert ["Permission id: 260"] []
[2016-05-24 04:50:43] route-insert-in-permission.INFO: Successfully insert ["Permission id: 261"] []
[2016-05-24 04:50:43] route-insert-in-permission.INFO: Successfully insert ["Permission id: 262"] []
[2016-05-24 04:50:43] route-insert-in-permission.INFO: Successfully insert ["Permission id: 263"] []
[2016-05-24 04:50:43] route-insert-in-permission.INFO: Successfully insert ["Permission id: 264"] []
[2016-05-24 04:50:43] route-insert-in-permission.INFO: Successfully insert ["Permission id: 265"] []
[2016-05-24 04:50:43] route-insert-in-permission.INFO: Successfully insert ["Permission id: 266"] []
[2016-05-24 04:50:43] route-insert-in-permission.INFO: Successfully insert ["Permission id: 267"] []
[2016-05-24 04:50:43] route-insert-in-permission.INFO: Successfully insert ["Permission id: 268"] []
[2016-05-24 04:50:43] route-insert-in-permission.INFO: Successfully insert ["Permission id: 269"] []
[2016-05-24 04:50:43] route-insert-in-permission.INFO: Successfully insert ["Permission id: 270"] []
[2016-05-24 04:50:43] route-insert-in-permission.INFO: Successfully insert ["Permission id: 271"] []
[2016-05-24 04:50:43] route-insert-in-permission.INFO: Successfully insert ["Permission id: 272"] []
[2016-05-24 04:50:43] route-insert-in-permission.INFO: Successfully insert ["Permission id: 273"] []
[2016-05-24 04:50:43] route-insert-in-permission.INFO: Successfully insert ["Permission id: 274"] []
[2016-05-24 04:50:43] route-insert-in-permission.INFO: Successfully insert ["Permission id: 275"] []
[2016-05-24 04:50:43] route-insert-in-permission.INFO: Successfully insert ["Permission id: 276"] []
[2016-05-24 04:50:43] route-insert-in-permission.INFO: Successfully insert ["Permission id: 277"] []
[2016-05-24 04:50:43] route-insert-in-permission.INFO: Successfully insert ["Permission id: 278"] []
[2016-05-24 04:50:43] route-insert-in-permission.INFO: Successfully insert ["Permission id: 279"] []
[2016-05-24 04:50:44] route-insert-in-permission.INFO: Successfully insert ["Permission id: 280"] []
[2016-05-24 04:50:44] route-insert-in-permission.INFO: Successfully insert ["Permission id: 281"] []
[2016-05-24 04:50:44] route-insert-in-permission.INFO: Successfully insert ["Permission id: 282"] []
[2016-05-24 04:50:44] route-insert-in-permission.INFO: Successfully insert ["Permission id: 283"] []
[2016-05-24 04:50:44] route-insert-in-permission.INFO: Successfully insert ["Permission id: 284"] []
[2016-05-24 04:50:44] route-insert-in-permission.INFO: Successfully insert ["Permission id: 285"] []
[2016-05-24 04:50:44] route-insert-in-permission.INFO: Successfully insert ["Permission id: 286"] []
[2016-05-24 04:50:44] route-insert-in-permission.INFO: Successfully insert ["Permission id: 287"] []
[2016-05-24 04:50:44] route-insert-in-permission.INFO: Successfully insert ["Permission id: 288"] []
[2016-05-24 04:50:44] route-insert-in-permission.INFO: Successfully insert ["Permission id: 289"] []
[2016-05-24 04:53:15] store-role.INFO: Successfully added ["Role title: Agent"] []
[2016-05-24 04:54:42] store-role-user.INFO: Successfully added ["Role user (user_id): 6"] []
[2016-05-24 06:18:56] store-permission-role.INFO: successfully added ["Permission role role_id6"] []
[2016-05-24 06:18:56] store-permission-role.INFO: successfully added ["Permission role role_id6"] []
[2016-05-24 06:18:56] store-permission-role.INFO: successfully added ["Permission role role_id6"] []
[2016-05-24 06:18:56] store-permission-role.INFO: successfully added ["Permission role role_id6"] []
[2016-05-24 06:18:56] store-permission-role.INFO: successfully added ["Permission role role_id6"] []
[2016-05-24 06:18:56] store-permission-role.INFO: successfully added ["Permission role role_id6"] []
[2016-05-24 06:18:56] store-permission-role.INFO: successfully added ["Permission role role_id6"] []
[2016-05-24 06:18:56] store-permission-role.INFO: successfully added ["Permission role role_id6"] []
[2016-05-24 06:18:56] store-permission-role.INFO: successfully added ["Permission role role_id6"] []
[2016-05-24 06:18:56] store-permission-role.INFO: successfully added ["Permission role role_id6"] []
[2016-05-24 06:18:56] store-permission-role.INFO: successfully added ["Permission role role_id6"] []
[2016-05-24 06:18:56] store-permission-role.INFO: successfully added ["Permission role role_id6"] []
[2016-05-24 06:18:56] store-permission-role.INFO: successfully added ["Permission role role_id6"] []
[2016-05-24 06:18:56] store-permission-role.INFO: successfully added ["Permission role role_id6"] []
[2016-05-24 06:18:56] store-permission-role.INFO: successfully added ["Permission role role_id6"] []
[2016-05-24 06:18:56] store-permission-role.INFO: successfully added ["Permission role role_id6"] []
[2016-05-24 06:18:57] store-permission-role.INFO: successfully added ["Permission role role_id6"] []
[2016-05-24 06:18:57] store-permission-role.INFO: successfully added ["Permission role role_id6"] []
[2016-05-24 06:18:57] store-permission-role.INFO: successfully added ["Permission role role_id6"] []
[2016-05-24 06:18:57] store-permission-role.INFO: successfully added ["Permission role role_id6"] []
[2016-05-24 06:18:57] store-permission-role.INFO: successfully added ["Permission role role_id6"] []
[2016-05-24 06:18:57] store-permission-role.INFO: successfully added ["Permission role role_id6"] []
[2016-05-24 06:18:57] store-permission-role.INFO: successfully added ["Permission role role_id6"] []
[2016-05-24 06:18:57] store-permission-role.INFO: successfully added ["Permission role role_id6"] []
[2016-05-24 06:18:57] store-permission-role.INFO: successfully added ["Permission role role_id6"] []
[2016-05-24 06:18:57] store-permission-role.INFO: successfully added ["Permission role role_id6"] []
[2016-05-24 06:18:57] store-permission-role.INFO: successfully added ["Permission role role_id6"] []
[2016-05-24 06:18:57] store-permission-role.INFO: successfully added ["Permission role role_id6"] []
[2016-05-24 06:18:57] store-permission-role.INFO: successfully added ["Permission role role_id6"] []
[2016-05-24 06:18:57] store-permission-role.INFO: successfully added ["Permission role role_id6"] []
[2016-05-24 06:18:57] store-permission-role.INFO: successfully added ["Permission role role_id6"] []
[2016-05-24 06:18:57] store-permission-role.INFO: successfully added ["Permission role role_id6"] []
[2016-05-24 06:18:57] store-permission-role.INFO: successfully added ["Permission role role_id6"] []
[2016-05-24 06:18:57] store-permission-role.INFO: successfully added ["Permission role role_id6"] []
[2016-05-24 06:18:58] store-permission-role.INFO: successfully added ["Permission role role_id6"] []
[2016-05-24 06:18:58] store-permission-role.INFO: successfully added ["Permission role role_id6"] []
[2016-05-24 06:18:58] store-permission-role.INFO: successfully added ["Permission role role_id6"] []
[2016-05-24 06:18:58] store-permission-role.INFO: successfully added ["Permission role role_id6"] []
[2016-05-24 06:18:58] store-permission-role.INFO: successfully added ["Permission role role_id6"] []
[2016-05-24 06:18:58] store-permission-role.INFO: successfully added ["Permission role role_id6"] []
[2016-05-24 06:18:58] store-permission-role.INFO: successfully added ["Permission role role_id6"] []
[2016-05-24 06:18:58] store-permission-role.INFO: successfully added ["Permission role role_id6"] []
[2016-05-24 06:18:58] store-permission-role.INFO: successfully added ["Permission role role_id6"] []
[2016-05-24 06:18:58] store-permission-role.INFO: successfully added ["Permission role role_id6"] []
[2016-05-24 06:18:58] store-permission-role.INFO: successfully added ["Permission role role_id6"] []
[2016-05-24 06:18:58] store-permission-role.INFO: successfully added ["Permission role role_id6"] []
[2016-05-24 06:18:58] store-permission-role.INFO: successfully added ["Permission role role_id6"] []
[2016-05-24 06:18:58] store-permission-role.INFO: successfully added ["Permission role role_id6"] []
[2016-05-24 06:18:58] store-permission-role.INFO: successfully added ["Permission role role_id6"] []
[2016-05-24 06:18:58] store-permission-role.INFO: successfully added ["Permission role role_id6"] []
[2016-05-24 06:18:58] store-permission-role.INFO: successfully added ["Permission role role_id6"] []
[2016-05-24 06:18:58] store-permission-role.INFO: successfully added ["Permission role role_id6"] []
[2016-05-24 06:18:59] store-permission-role.INFO: successfully added ["Permission role role_id6"] []
[2016-05-24 06:18:59] store-permission-role.INFO: successfully added ["Permission role role_id6"] []
[2016-05-24 06:18:59] store-permission-role.INFO: successfully added ["Permission role role_id6"] []
[2016-05-24 06:18:59] store-permission-role.INFO: successfully added ["Permission role role_id6"] []
[2016-05-24 06:18:59] store-permission-role.INFO: successfully added ["Permission role role_id6"] []
[2016-05-24 06:18:59] store-permission-role.INFO: successfully added ["Permission role role_id6"] []
[2016-05-24 06:18:59] store-permission-role.INFO: successfully added ["Permission role role_id6"] []
[2016-05-24 06:18:59] store-permission-role.INFO: successfully added ["Permission role role_id6"] []
[2016-05-24 06:18:59] store-permission-role.INFO: successfully added ["Permission role role_id6"] []
[2016-05-24 06:18:59] store-permission-role.INFO: successfully added ["Permission role role_id6"] []
[2016-05-24 06:18:59] store-permission-role.INFO: successfully added ["Permission role role_id6"] []
[2016-05-24 06:18:59] store-permission-role.INFO: successfully added ["Permission role role_id6"] []
[2016-05-24 06:18:59] store-permission-role.INFO: successfully added ["Permission role role_id6"] []
[2016-05-24 06:18:59] store-permission-role.INFO: successfully added ["Permission role role_id6"] []
[2016-05-24 06:18:59] store-permission-role.INFO: successfully added ["Permission role role_id6"] []
[2016-05-24 06:18:59] store-permission-role.INFO: successfully added ["Permission role role_id6"] []
[2016-05-24 06:18:59] store-permission-role.INFO: successfully added ["Permission role role_id6"] []
[2016-05-24 06:18:59] store-permission-role.INFO: successfully added ["Permission role role_id6"] []
[2016-05-24 06:18:59] store-permission-role.INFO: successfully added ["Permission role role_id6"] []
[2016-05-24 06:19:00] store-permission-role.INFO: successfully added ["Permission role role_id6"] []
[2016-05-24 06:19:00] store-permission-role.INFO: successfully added ["Permission role role_id6"] []
[2016-05-24 06:19:00] store-permission-role.INFO: successfully added ["Permission role role_id6"] []
[2016-05-24 06:19:00] store-permission-role.INFO: successfully added ["Permission role role_id6"] []
[2016-05-24 06:19:00] store-permission-role.INFO: successfully added ["Permission role role_id6"] []
[2016-05-24 06:19:00] store-permission-role.INFO: successfully added ["Permission role role_id6"] []
[2016-05-24 06:19:00] store-permission-role.INFO: successfully added ["Permission role role_id6"] []
[2016-05-24 06:19:00] store-permission-role.INFO: successfully added ["Permission role role_id6"] []
[2016-05-24 06:19:00] store-permission-role.INFO: successfully added ["Permission role role_id6"] []
[2016-05-24 06:19:00] store-permission-role.INFO: successfully added ["Permission role role_id6"] []
[2016-05-24 06:19:00] store-permission-role.INFO: successfully added ["Permission role role_id6"] []
[2016-05-24 06:19:00] store-permission-role.INFO: successfully added ["Permission role role_id6"] []
[2016-05-24 06:19:00] store-permission-role.INFO: successfully added ["Permission role role_id6"] []
[2016-05-24 06:19:00] store-permission-role.INFO: successfully added ["Permission role role_id6"] []
[2016-05-24 06:19:00] store-permission-role.INFO: successfully added ["Permission role role_id6"] []
[2016-05-24 06:19:00] store-permission-role.INFO: successfully added ["Permission role role_id6"] []
[2016-05-24 06:19:00] store-permission-role.INFO: successfully added ["Permission role role_id6"] []
[2016-05-24 06:19:00] store-permission-role.INFO: successfully added ["Permission role role_id6"] []
[2016-05-24 06:19:00] store-permission-role.INFO: successfully added ["Permission role role_id6"] []
[2016-05-24 06:19:01] store-permission-role.INFO: successfully added ["Permission role role_id6"] []
[2016-05-24 06:19:01] store-permission-role.INFO: successfully added ["Permission role role_id6"] []
[2016-05-24 06:19:01] store-permission-role.INFO: successfully added ["Permission role role_id6"] []
[2016-05-24 06:19:01] store-permission-role.INFO: successfully added ["Permission role role_id6"] []
[2016-05-24 06:19:01] store-permission-role.INFO: successfully added ["Permission role role_id6"] []
[2016-05-24 06:19:01] store-permission-role.INFO: successfully added ["Permission role role_id6"] []
[2016-05-24 06:19:01] store-permission-role.INFO: successfully added ["Permission role role_id6"] []
[2016-05-24 06:19:01] store-permission-role.INFO: successfully added ["Permission role role_id6"] []
[2016-05-24 06:19:01] store-permission-role.INFO: successfully added ["Permission role role_id6"] []
[2016-05-24 06:19:01] store-permission-role.INFO: successfully added ["Permission role role_id6"] []
[2016-05-24 06:19:01] store-permission-role.INFO: successfully added ["Permission role role_id6"] []
[2016-05-24 06:19:01] store-permission-role.INFO: successfully added ["Permission role role_id6"] []
[2016-05-24 06:19:01] store-permission-role.INFO: successfully added ["Permission role role_id6"] []
[2016-05-24 06:19:01] store-permission-role.INFO: successfully added ["Permission role role_id6"] []
[2016-05-24 06:19:01] store-permission-role.INFO: successfully added ["Permission role role_id6"] []
[2016-05-24 06:19:01] store-permission-role.INFO: successfully added ["Permission role role_id6"] []
[2016-05-24 06:19:01] store-permission-role.INFO: successfully added ["Permission role role_id6"] []
[2016-05-24 06:19:02] store-permission-role.INFO: successfully added ["Permission role role_id6"] []
[2016-05-24 06:19:02] store-permission-role.INFO: successfully added ["Permission role role_id6"] []
[2016-05-24 06:19:02] store-permission-role.INFO: successfully added ["Permission role role_id6"] []
[2016-05-24 06:19:02] store-permission-role.INFO: successfully added ["Permission role role_id6"] []
[2016-05-24 06:19:02] store-permission-role.INFO: successfully added ["Permission role role_id6"] []
[2016-05-24 06:19:02] store-permission-role.INFO: successfully added ["Permission role role_id6"] []
[2016-05-24 06:19:02] store-permission-role.INFO: successfully added ["Permission role role_id6"] []
[2016-05-24 06:19:02] store-permission-role.INFO: successfully added ["Permission role role_id6"] []
[2016-05-24 06:19:02] store-permission-role.INFO: successfully added ["Permission role role_id6"] []
[2016-05-24 06:19:02] store-permission-role.INFO: successfully added ["Permission role role_id6"] []
[2016-05-24 06:19:02] store-permission-role.INFO: successfully added ["Permission role role_id6"] []
[2016-05-24 06:19:02] store-permission-role.INFO: successfully added ["Permission role role_id6"] []
[2016-05-24 06:19:02] store-permission-role.INFO: successfully added ["Permission role role_id6"] []
[2016-05-24 06:19:02] store-permission-role.INFO: successfully added ["Permission role role_id6"] []
[2016-05-24 06:19:02] store-permission-role.INFO: successfully added ["Permission role role_id6"] []
[2016-05-24 06:19:02] store-permission-role.INFO: successfully added ["Permission role role_id6"] []
[2016-05-24 06:19:02] store-permission-role.INFO: successfully added ["Permission role role_id6"] []
[2016-05-24 06:19:02] store-permission-role.INFO: successfully added ["Permission role role_id6"] []
[2016-05-24 06:19:02] store-permission-role.INFO: successfully added ["Permission role role_id6"] []
[2016-05-24 06:19:02] store-permission-role.INFO: successfully added ["Permission role role_id6"] []
[2016-05-24 06:19:03] store-permission-role.INFO: successfully added ["Permission role role_id6"] []
[2016-05-24 06:19:03] store-permission-role.INFO: successfully added ["Permission role role_id6"] []
[2016-05-24 06:19:03] store-permission-role.INFO: successfully added ["Permission role role_id6"] []
[2016-05-24 06:19:03] store-permission-role.INFO: successfully added ["Permission role role_id6"] []
[2016-05-24 06:19:03] store-permission-role.INFO: successfully added ["Permission role role_id6"] []
[2016-05-24 06:19:03] store-permission-role.INFO: successfully added ["Permission role role_id6"] []
[2016-05-24 06:19:03] store-permission-role.INFO: successfully added ["Permission role role_id6"] []
[2016-05-24 06:19:03] store-permission-role.INFO: successfully added ["Permission role role_id6"] []
[2016-05-24 06:19:03] store-permission-role.INFO: successfully added ["Permission role role_id6"] []
[2016-05-24 06:19:03] store-permission-role.INFO: successfully added ["Permission role role_id6"] []
[2016-05-24 06:19:03] store-permission-role.INFO: successfully added ["Permission role role_id6"] []
[2016-05-24 06:19:03] store-permission-role.INFO: successfully added ["Permission role role_id6"] []
[2016-05-24 06:19:03] store-permission-role.INFO: successfully added ["Permission role role_id6"] []
[2016-05-24 06:19:03] store-permission-role.INFO: successfully added ["Permission role role_id6"] []
[2016-05-24 06:19:03] store-permission-role.INFO: successfully added ["Permission role role_id6"] []
[2016-05-24 06:19:03] store-permission-role.INFO: successfully added ["Permission role role_id6"] []
[2016-05-24 06:19:03] store-permission-role.INFO: successfully added ["Permission role role_id6"] []
[2016-05-24 06:19:03] store-permission-role.INFO: successfully added ["Permission role role_id6"] []
[2016-05-24 06:19:03] store-permission-role.INFO: successfully added ["Permission role role_id6"] []
[2016-05-24 06:19:03] store-permission-role.INFO: successfully added ["Permission role role_id6"] []
[2016-05-24 06:19:04] store-permission-role.INFO: successfully added ["Permission role role_id6"] []
[2016-05-24 06:19:04] store-permission-role.INFO: successfully added ["Permission role role_id6"] []
[2016-05-24 06:19:04] store-permission-role.INFO: successfully added ["Permission role role_id6"] []
[2016-05-24 06:19:04] store-permission-role.INFO: successfully added ["Permission role role_id6"] []
[2016-05-24 06:19:04] store-permission-role.INFO: successfully added ["Permission role role_id6"] []
[2016-05-24 06:19:04] store-permission-role.INFO: successfully added ["Permission role role_id6"] []
[2016-05-24 06:19:04] store-permission-role.INFO: successfully added ["Permission role role_id6"] []
[2016-05-24 06:19:04] store-permission-role.INFO: successfully added ["Permission role role_id6"] []
[2016-05-24 06:19:04] store-permission-role.INFO: successfully added ["Permission role role_id6"] []
[2016-05-24 06:19:04] store-permission-role.INFO: successfully added ["Permission role role_id6"] []
[2016-05-24 06:19:04] store-permission-role.INFO: successfully added ["Permission role role_id6"] []
[2016-05-24 06:19:04] store-permission-role.INFO: successfully added ["Permission role role_id6"] []
[2016-05-24 06:19:04] store-permission-role.INFO: successfully added ["Permission role role_id6"] []
[2016-05-24 06:19:04] store-permission-role.INFO: successfully added ["Permission role role_id6"] []
[2016-05-24 06:19:04] store-permission-role.INFO: successfully added ["Permission role role_id6"] []
[2016-05-24 06:19:04] store-permission-role.INFO: successfully added ["Permission role role_id6"] []
[2016-05-24 06:19:04] store-permission-role.INFO: successfully added ["Permission role role_id6"] []
[2016-05-24 06:19:04] store-permission-role.INFO: successfully added ["Permission role role_id6"] []
[2016-05-24 06:19:04] store-permission-role.INFO: successfully added ["Permission role role_id6"] []
[2016-05-24 06:19:05] store-permission-role.INFO: successfully added ["Permission role role_id6"] []
[2016-05-24 06:19:05] store-permission-role.INFO: successfully added ["Permission role role_id6"] []
[2016-05-24 06:19:05] store-permission-role.INFO: successfully added ["Permission role role_id6"] []
[2016-05-24 06:19:05] store-permission-role.INFO: successfully added ["Permission role role_id6"] []
[2016-05-24 06:19:05] store-permission-role.INFO: successfully added ["Permission role role_id6"] []
[2016-05-24 06:19:05] store-permission-role.INFO: successfully added ["Permission role role_id6"] []
[2016-05-24 06:19:05] store-permission-role.INFO: successfully added ["Permission role role_id6"] []
[2016-05-24 06:19:05] store-permission-role.INFO: successfully added ["Permission role role_id6"] []
[2016-05-24 06:19:05] store-permission-role.INFO: successfully added ["Permission role role_id6"] []
[2016-05-24 06:19:05] store-permission-role.INFO: successfully added ["Permission role role_id6"] []
[2016-05-24 06:19:05] store-permission-role.INFO: successfully added ["Permission role role_id6"] []
[2016-05-24 06:19:05] store-permission-role.INFO: successfully added ["Permission role role_id6"] []
[2016-05-24 06:19:05] store-permission-role.INFO: successfully added ["Permission role role_id6"] []
[2016-05-24 06:19:05] store-permission-role.INFO: successfully added ["Permission role role_id6"] []
[2016-05-24 06:19:05] store-permission-role.INFO: successfully added ["Permission role role_id6"] []
[2016-05-24 06:19:05] store-permission-role.INFO: successfully added ["Permission role role_id6"] []
[2016-05-24 06:19:06] store-permission-role.INFO: successfully added ["Permission role role_id6"] []
[2016-05-24 06:19:06] store-permission-role.INFO: successfully added ["Permission role role_id6"] []
[2016-05-24 06:19:06] store-permission-role.INFO: successfully added ["Permission role role_id6"] []
[2016-05-24 06:19:06] store-permission-role.INFO: successfully added ["Permission role role_id6"] []
[2016-05-24 06:19:06] store-permission-role.INFO: successfully added ["Permission role role_id6"] []
[2016-05-24 06:19:06] store-permission-role.INFO: successfully added ["Permission role role_id6"] []
[2016-05-24 06:19:06] store-permission-role.INFO: successfully added ["Permission role role_id6"] []
[2016-05-24 06:19:06] store-permission-role.INFO: successfully added ["Permission role role_id6"] []
[2016-05-24 06:19:06] store-permission-role.INFO: successfully added ["Permission role role_id6"] []
[2016-05-24 06:19:06] store-permission-role.INFO: successfully added ["Permission role role_id6"] []
[2016-05-24 06:19:06] store-permission-role.INFO: successfully added ["Permission role role_id6"] []
[2016-05-24 06:19:06] store-permission-role.INFO: successfully added ["Permission role role_id6"] []
[2016-05-24 06:19:07] store-permission-role.INFO: successfully added ["Permission role role_id6"] []
[2016-05-24 06:19:07] store-permission-role.INFO: successfully added ["Permission role role_id6"] []
[2016-05-24 06:19:07] store-permission-role.INFO: successfully added ["Permission role role_id6"] []
[2016-05-24 06:19:07] store-permission-role.INFO: successfully added ["Permission role role_id6"] []
[2016-05-24 06:19:07] store-permission-role.INFO: successfully added ["Permission role role_id6"] []
[2016-05-24 06:19:07] store-permission-role.INFO: successfully added ["Permission role role_id6"] []
[2016-05-24 06:19:07] store-permission-role.INFO: successfully added ["Permission role role_id6"] []
[2016-05-24 06:19:07] store-permission-role.INFO: successfully added ["Permission role role_id6"] []
[2016-05-24 06:19:07] store-permission-role.INFO: successfully added ["Permission role role_id6"] []
[2016-05-24 06:19:07] store-permission-role.INFO: successfully added ["Permission role role_id6"] []
[2016-05-24 06:19:07] store-permission-role.INFO: successfully added ["Permission role role_id6"] []
[2016-05-24 06:19:07] store-permission-role.INFO: successfully added ["Permission role role_id6"] []
[2016-05-24 06:19:07] store-permission-role.INFO: successfully added ["Permission role role_id6"] []
[2016-05-24 06:19:07] store-permission-role.INFO: successfully added ["Permission role role_id6"] []
[2016-05-24 06:19:07] store-permission-role.INFO: successfully added ["Permission role role_id6"] []
[2016-05-24 06:19:07] store-permission-role.INFO: successfully added ["Permission role role_id6"] []
[2016-05-24 06:19:07] store-permission-role.INFO: successfully added ["Permission role role_id6"] []
[2016-05-24 06:19:07] store-permission-role.INFO: successfully added ["Permission role role_id6"] []
[2016-05-24 06:19:07] store-permission-role.INFO: successfully added ["Permission role role_id6"] []
[2016-05-24 06:19:07] store-permission-role.INFO: successfully added ["Permission role role_id6"] []
[2016-05-24 06:19:08] store-permission-role.INFO: successfully added ["Permission role role_id6"] []
[2016-05-24 06:19:08] store-permission-role.INFO: successfully added ["Permission role role_id6"] []
[2016-05-24 06:19:08] store-permission-role.INFO: successfully added ["Permission role role_id6"] []
[2016-05-24 06:19:08] store-permission-role.INFO: successfully added ["Permission role role_id6"] []
[2016-05-24 06:19:08] store-permission-role.INFO: successfully added ["Permission role role_id6"] []
[2016-05-24 09:06:44] delete-permission-role.INFO: Successfully delete  ["Permission role role_id402"] []
[2016-05-24 15:51:48] user-add.ERROR: Undefined index: branch_id ["Username: new user"] []
[2016-05-24 15:55:20] user-add.INFO: Successfully added! ["Username: dsf"] []
[2016-05-24 10:00:47] destroy-user.INFO: Successfully Deleted!change status to cancel ["User id:7"] []
[2016-05-24 10:29:34] store-permission-role.INFO: successfully added ["Permission role role_id2"] []
[2016-05-24 10:29:34] store-permission-role.INFO: successfully added ["Permission role role_id2"] []
[2016-05-24 10:29:34] store-permission-role.INFO: successfully added ["Permission role role_id2"] []
[2016-05-24 10:29:34] store-permission-role.INFO: successfully added ["Permission role role_id2"] []
[2016-05-24 10:29:34] store-permission-role.INFO: successfully added ["Permission role role_id2"] []
[2016-05-24 10:29:35] store-permission-role.INFO: successfully added ["Permission role role_id2"] []
[2016-05-24 10:29:35] store-permission-role.INFO: successfully added ["Permission role role_id2"] []
[2016-05-24 10:29:35] store-permission-role.INFO: successfully added ["Permission role role_id2"] []
[2016-05-24 10:29:35] store-permission-role.INFO: successfully added ["Permission role role_id2"] []
[2016-05-24 10:29:35] store-permission-role.INFO: successfully added ["Permission role role_id2"] []
[2016-05-24 10:29:35] store-permission-role.INFO: successfully added ["Permission role role_id2"] []
[2016-05-24 10:29:35] store-permission-role.INFO: successfully added ["Permission role role_id2"] []
[2016-05-24 10:29:35] store-permission-role.INFO: successfully added ["Permission role role_id2"] []
[2016-05-24 10:29:35] store-permission-role.INFO: successfully added ["Permission role role_id2"] []
[2016-05-24 10:29:35] store-permission-role.INFO: successfully added ["Permission role role_id2"] []
[2016-05-24 10:29:35] store-permission-role.INFO: successfully added ["Permission role role_id2"] []
[2016-05-24 10:29:35] store-permission-role.INFO: successfully added ["Permission role role_id2"] []
[2016-05-24 10:29:35] store-permission-role.INFO: successfully added ["Permission role role_id2"] []
[2016-05-24 10:29:35] store-permission-role.INFO: successfully added ["Permission role role_id2"] []
[2016-05-24 10:29:35] store-permission-role.INFO: successfully added ["Permission role role_id2"] []
[2016-05-24 10:29:35] store-permission-role.INFO: successfully added ["Permission role role_id2"] []
[2016-05-24 10:29:35] store-permission-role.INFO: successfully added ["Permission role role_id2"] []
[2016-05-24 10:29:35] store-permission-role.INFO: successfully added ["Permission role role_id2"] []
[2016-05-24 10:29:35] store-permission-role.INFO: successfully added ["Permission role role_id2"] []
[2016-05-24 10:29:35] store-permission-role.INFO: successfully added ["Permission role role_id2"] []
[2016-05-24 10:29:35] store-permission-role.INFO: successfully added ["Permission role role_id2"] []
[2016-05-24 10:29:36] store-permission-role.INFO: successfully added ["Permission role role_id2"] []
[2016-05-24 10:29:36] store-permission-role.INFO: successfully added ["Permission role role_id2"] []
[2016-05-24 10:29:36] store-permission-role.INFO: successfully added ["Permission role role_id2"] []
[2016-05-24 10:29:36] store-permission-role.INFO: successfully added ["Permission role role_id2"] []
[2016-05-24 10:29:36] store-permission-role.INFO: successfully added ["Permission role role_id2"] []
[2016-05-24 10:29:36] store-permission-role.INFO: successfully added ["Permission role role_id2"] []
[2016-05-24 10:29:36] store-permission-role.INFO: successfully added ["Permission role role_id2"] []
[2016-05-24 10:29:36] store-permission-role.INFO: successfully added ["Permission role role_id2"] []
[2016-05-24 10:29:36] store-permission-role.INFO: successfully added ["Permission role role_id2"] []
[2016-05-24 10:29:36] store-permission-role.INFO: successfully added ["Permission role role_id2"] []
[2016-05-24 10:29:36] store-permission-role.INFO: successfully added ["Permission role role_id2"] []
[2016-05-24 10:29:36] store-permission-role.INFO: successfully added ["Permission role role_id2"] []
[2016-05-24 10:29:36] store-permission-role.INFO: successfully added ["Permission role role_id2"] []
[2016-05-24 10:29:36] store-permission-role.INFO: successfully added ["Permission role role_id2"] []
[2016-05-24 10:29:36] store-permission-role.INFO: successfully added ["Permission role role_id2"] []
[2016-05-24 10:29:36] store-permission-role.INFO: successfully added ["Permission role role_id2"] []
[2016-05-24 10:29:36] store-permission-role.INFO: successfully added ["Permission role role_id2"] []
[2016-05-24 10:29:36] store-permission-role.INFO: successfully added ["Permission role role_id2"] []
[2016-05-24 10:29:36] store-permission-role.INFO: successfully added ["Permission role role_id2"] []
[2016-05-24 10:29:36] store-permission-role.INFO: successfully added ["Permission role role_id2"] []
[2016-05-24 10:29:37] store-permission-role.INFO: successfully added ["Permission role role_id2"] []
[2016-05-24 10:29:37] store-permission-role.INFO: successfully added ["Permission role role_id2"] []
[2016-05-24 10:29:37] store-permission-role.INFO: successfully added ["Permission role role_id2"] []
[2016-05-24 10:29:37] store-permission-role.INFO: successfully added ["Permission role role_id2"] []
[2016-05-24 10:29:37] store-permission-role.INFO: successfully added ["Permission role role_id2"] []
[2016-05-24 10:29:37] store-permission-role.INFO: successfully added ["Permission role role_id2"] []
[2016-05-24 10:29:37] store-permission-role.INFO: successfully added ["Permission role role_id2"] []
[2016-05-24 10:29:37] store-permission-role.INFO: successfully added ["Permission role role_id2"] []
[2016-05-24 10:29:37] store-permission-role.INFO: successfully added ["Permission role role_id2"] []
[2016-05-24 10:29:37] store-permission-role.INFO: successfully added ["Permission role role_id2"] []
[2016-05-24 10:29:37] store-permission-role.INFO: successfully added ["Permission role role_id2"] []
[2016-05-24 10:29:37] store-permission-role.INFO: successfully added ["Permission role role_id2"] []
[2016-05-24 10:29:37] store-permission-role.INFO: successfully added ["Permission role role_id2"] []
[2016-05-24 10:29:37] store-permission-role.INFO: successfully added ["Permission role role_id2"] []
[2016-05-24 10:29:37] store-permission-role.INFO: successfully added ["Permission role role_id2"] []
[2016-05-24 10:29:37] store-permission-role.INFO: successfully added ["Permission role role_id2"] []
[2016-05-24 10:29:37] store-permission-role.INFO: successfully added ["Permission role role_id2"] []
[2016-05-24 10:29:38] store-permission-role.INFO: successfully added ["Permission role role_id2"] []
[2016-05-24 10:29:38] store-permission-role.INFO: successfully added ["Permission role role_id2"] []
[2016-05-24 10:29:38] store-permission-role.INFO: successfully added ["Permission role role_id2"] []
[2016-05-24 10:29:38] store-permission-role.INFO: successfully added ["Permission role role_id2"] []
[2016-05-24 10:29:38] store-permission-role.INFO: successfully added ["Permission role role_id2"] []
[2016-05-24 10:29:38] store-permission-role.INFO: successfully added ["Permission role role_id2"] []
[2016-05-24 10:29:38] store-permission-role.INFO: successfully added ["Permission role role_id2"] []
[2016-05-24 10:29:38] store-permission-role.INFO: successfully added ["Permission role role_id2"] []
[2016-05-24 10:29:38] store-permission-role.INFO: successfully added ["Permission role role_id2"] []
[2016-05-24 10:29:38] store-permission-role.INFO: successfully added ["Permission role role_id2"] []
[2016-05-24 10:29:38] store-permission-role.INFO: successfully added ["Permission role role_id2"] []
[2016-05-24 10:29:38] store-permission-role.INFO: successfully added ["Permission role role_id2"] []
[2016-05-24 10:29:38] store-permission-role.INFO: successfully added ["Permission role role_id2"] []
[2016-05-24 10:29:38] store-permission-role.INFO: successfully added ["Permission role role_id2"] []
[2016-05-24 10:29:38] store-permission-role.INFO: successfully added ["Permission role role_id2"] []
[2016-05-24 10:29:38] store-permission-role.INFO: successfully added ["Permission role role_id2"] []
[2016-05-24 10:29:38] store-permission-role.INFO: successfully added ["Permission role role_id2"] []
[2016-05-24 10:29:38] store-permission-role.INFO: successfully added ["Permission role role_id2"] []
[2016-05-24 10:29:38] store-permission-role.INFO: successfully added ["Permission role role_id2"] []
[2016-05-24 10:29:39] store-permission-role.INFO: successfully added ["Permission role role_id2"] []
[2016-05-24 10:29:39] store-permission-role.INFO: successfully added ["Permission role role_id2"] []
[2016-05-24 10:29:39] store-permission-role.INFO: successfully added ["Permission role role_id2"] []
[2016-05-24 10:29:39] store-permission-role.INFO: successfully added ["Permission role role_id2"] []
[2016-05-24 10:29:39] store-permission-role.INFO: successfully added ["Permission role role_id2"] []
[2016-05-24 10:29:39] store-permission-role.INFO: successfully added ["Permission role role_id2"] []
[2016-05-24 10:29:39] store-permission-role.INFO: successfully added ["Permission role role_id2"] []
[2016-05-24 10:29:39] store-permission-role.INFO: successfully added ["Permission role role_id2"] []
[2016-05-24 10:29:39] store-permission-role.INFO: successfully added ["Permission role role_id2"] []
